<?xml version="1.0" encoding="UTF-8"?>
<testsuite xmlns:xsi="http://www.w3.org/2001/XMLSchema-instance" xsi:noNamespaceSchemaLocation="https://maven.apache.org/surefire/maven-surefire-plugin/xsd/surefire-test-report.xsd" name="biblioteca.control.BibliotecaCtrlTest" time="0.031" tests="8" errors="0" skipped="0" failures="1">
  <properties>
[...]
</properties>
  <testcase name="givenInvalidTitle_whenAddingCarte_exceptionIsThrown" classname="biblioteca.control.BibliotecaCtrlTest" time="0"/>
  <testcase name="givenYear2070_whenAddingCarte_carteIsAdded" classname="biblioteca.control.BibliotecaCtrlTest" time="0.005">
    <failure message="expected:&lt;1997&gt; but was:&lt;2070&gt;" type="java.lang.AssertionError"><![CDATA[java.lang.AssertionError: expected:<1997> but was:<2070>
	at biblioteca.control.BibliotecaCtrlTest.assertBooksEquals(BibliotecaCtrlTest.java:102)
	at biblioteca.control.BibliotecaCtrlTest.givenYear2070_whenAddingCarte_carteIsAdded(BibliotecaCtrlTest.java:89)
]]></failure>
    <system-out><![CDATA[/home/johnpaul/an3/vvss/repo/VVSS/Labs/Lab01/target/classes/
]]></system-out>
  </testcase>
  <testcase name="givenYear2071_whenAddingCarte_carteIsAdded" classname="biblioteca.control.BibliotecaCtrlTest" time="0.001"/>
  <testcase name="givenYear0_whenAddingCarte_carteIsAdded" classname="biblioteca.control.BibliotecaCtrlTest" time="0.001"/>
  <testcase name="givenYear1_whenAddingCarte_carteIsAdded" classname="biblioteca.control.BibliotecaCtrlTest" time="0.001"/>
  <testcase name="givenInvalidYear_whenAddingCarte_exceptionIsThrown" classname="biblioteca.control.BibliotecaCtrlTest" time="0"/>
  <testcase name="givenValidTitleAndYear_whenAddingCarte_carteIsSuccesufullyAdded" classname="biblioteca.control.BibliotecaCtrlTest" time="0.001"/>
  <testcase name="givenYear2072_whenAddingCarte_exceptionIsThrown" classname="biblioteca.control.BibliotecaCtrlTest" time="0"/>
</testsuite>